This is pdfTeX, Version 3.14159265-2.6-1.40.16 (TeX Live 2015/Debian) (preloaded format=pdflatex 2018.10.15)  4 APR 2021 23:46
entering extended mode
 restricted \write18 enabled.
 %&-line parsing enabled.
**notes
(./notes.tex
LaTeX2e <2016/02/01>
Babel <3.9q> and hyphenation patterns for 81 language(s) loaded.
(/usr/share/texlive/texmf-dist/tex/latex/base/report.cls
Document Class: report 2014/09/29 v1.4h Standard LaTeX document class
(/usr/share/texlive/texmf-dist/tex/latex/base/size10.clo
File: size10.clo 2014/09/29 v1.4h Standard LaTeX file (size option)
)
\c@part=\count79
\c@chapter=\count80
\c@section=\count81
\c@subsection=\count82
\c@subsubsection=\count83
\c@paragraph=\count84
\c@subparagraph=\count85
\c@figure=\count86
\c@table=\count87
\abovecaptionskip=\skip41
\belowcaptionskip=\skip42
\bibindent=\dimen102
)
(/usr/share/texlive/texmf-dist/tex/latex/amsmath/amsmath.sty
Package: amsmath 2016/03/03 v2.15a AMS math features
\@mathmargin=\skip43

For additional information on amsmath, use the `?' option.
(/usr/share/texlive/texmf-dist/tex/latex/amsmath/amstext.sty
Package: amstext 2000/06/29 v2.01 AMS text

(/usr/share/texlive/texmf-dist/tex/latex/amsmath/amsgen.sty
File: amsgen.sty 1999/11/30 v2.0 generic functions
\@emptytoks=\toks14
\ex@=\dimen103
))
(/usr/share/texlive/texmf-dist/tex/latex/amsmath/amsbsy.sty
Package: amsbsy 1999/11/29 v1.2d Bold Symbols
\pmbraise@=\dimen104
)
(/usr/share/texlive/texmf-dist/tex/latex/amsmath/amsopn.sty
Package: amsopn 1999/12/14 v2.01 operator names
)
\inf@bad=\count88
LaTeX Info: Redefining \frac on input line 199.
\uproot@=\count89
\leftroot@=\count90
LaTeX Info: Redefining \overline on input line 297.
\classnum@=\count91
\DOTSCASE@=\count92
LaTeX Info: Redefining \ldots on input line 394.
LaTeX Info: Redefining \dots on input line 397.
LaTeX Info: Redefining \cdots on input line 518.
\Mathstrutbox@=\box26
\strutbox@=\box27
\big@size=\dimen105
LaTeX Font Info:    Redeclaring font encoding OML on input line 630.
LaTeX Font Info:    Redeclaring font encoding OMS on input line 631.
\macc@depth=\count93
\c@MaxMatrixCols=\count94
\dotsspace@=\muskip10
\c@parentequation=\count95
\dspbrk@lvl=\count96
\tag@help=\toks15
\row@=\count97
\column@=\count98
\maxfields@=\count99
\andhelp@=\toks16
\eqnshift@=\dimen106
\alignsep@=\dimen107
\tagshift@=\dimen108
\tagwidth@=\dimen109
\totwidth@=\dimen110
\lineht@=\dimen111
\@envbody=\toks17
\multlinegap=\skip44
\multlinetaggap=\skip45
\mathdisplay@stack=\toks18
LaTeX Info: Redefining \[ on input line 2735.
LaTeX Info: Redefining \] on input line 2736.
)
(/usr/share/texlive/texmf-dist/tex/latex/amsfonts/amssymb.sty
Package: amssymb 2013/01/14 v3.01 AMS font symbols

(/usr/share/texlive/texmf-dist/tex/latex/amsfonts/amsfonts.sty
Package: amsfonts 2013/01/14 v3.01 Basic AMSFonts support
\symAMSa=\mathgroup4
\symAMSb=\mathgroup5
LaTeX Font Info:    Overwriting math alphabet `\mathfrak' in version `bold'
(Font)                  U/euf/m/n --> U/euf/b/n on input line 106.
))
(/usr/share/texlive/texmf-dist/tex/latex/amscls/amsthm.sty
Package: amsthm 2015/03/04 v2.20.2
\thm@style=\toks19
\thm@bodyfont=\toks20
\thm@headfont=\toks21
\thm@notefont=\toks22
\thm@headpunct=\toks23
\thm@preskip=\skip46
\thm@postskip=\skip47
\thm@headsep=\skip48
\dth@everypar=\toks24
)
(/usr/share/texmf/tex/latex/pf2/pf2.sty
\pfindent=\skip49
\c@@vectorctr=\count100
\@veclen=\skip50
\pfbox=\box28
\c@pfhidelevel=\count101
\pfshortNumberLevel=\count102
\c@pf@sidenumberdepth=\count103
\pf@sidenumberoutdent=\skip51
\pfLevelCount=\count104
\pfStepCount=\count105
\pf@outdent=\skip52
\@temppflen=\skip53
\@proveindent=\skip54
\c@pf@conjCounter=\count106
\c@pfenum=\count107
\c@pfenumdepth=\count108
\pfenumindent=\skip55
\c@pfenumi=\count109
\c@pfenumii=\count110
\c@pfenumiii=\count111
)
(/usr/share/texlive/texmf-dist/tex/generic/xypic/xy.sty
(/usr/share/texlive/texmf-dist/tex/generic/xypic/xy.tex Bootstrap'ing:
catcodes, docmode, (/usr/share/texlive/texmf-dist/tex/generic/xypic/xyrecat.tex
) (/usr/share/texlive/texmf-dist/tex/generic/xypic/xyidioms.tex)

 Xy-pic version 3.8.9 <2013/10/06>
 Copyright (c) 1991-2013 by Kristoffer H. Rose <krisrose@tug.org> and others
 Xy-pic is free software: see the User's Guide for details.

Loading kernel: messages; fonts; allocations: state,
\X@c=\dimen112
\Y@c=\dimen113
\U@c=\dimen114
\D@c=\dimen115
\L@c=\dimen116
\R@c=\dimen117
\Edge@c=\toks25
\X@p=\dimen118
\Y@p=\dimen119
\U@p=\dimen120
\D@p=\dimen121
\L@p=\dimen122
\R@p=\dimen123
\Edge@p=\toks26
\X@origin=\dimen124
\Y@origin=\dimen125
\X@xbase=\dimen126
\Y@xbase=\dimen127
\X@ybase=\dimen128
\Y@ybase=\dimen129
\X@min=\dimen130
\Y@min=\dimen131
\X@max=\dimen132
\Y@max=\dimen133
\lastobjectbox@=\box29
\zerodotbox@=\box30
\almostz@=\dimen134
 direction,
\d@X=\dimen135
\d@Y=\dimen136
\K@=\count112
\KK@=\count113
\Direction=\count114
\K@dXdY=\dimen137
\K@dYdX=\dimen138
\xyread@=\read1
\xywrite@=\write3
\csp@=\count115
\quotPTK@=\dimen139

utility macros; pictures: \xy, positions,
\swaptoks@@=\toks27
\connectobjectbox@@=\box31
 objects,
\styletoks@=\toks28
 decorations;
kernel objects: directionals, circles, text; options; algorithms: directions,
edges, connections;  Xy-pic loaded)
(/usr/share/texlive/texmf-dist/tex/generic/oberdiek/ifpdf.sty
Package: ifpdf 2011/01/30 v2.3 Provides the ifpdf switch (HO)
Package ifpdf Info: pdfTeX in PDF mode is detected.
)
Package: xy 2013/10/06 Xy-pic version 3.8.9

(/usr/share/texlive/texmf-dist/tex/generic/xypic/xyall.tex
 Xy-pic option: All features v.3.8
(/usr/share/texlive/texmf-dist/tex/generic/xypic/xycurve.tex
 Xy-pic option: Curve and Spline extension v.3.12 curve,
\crv@cnt@=\count116
\crvpts@=\toks29
\splinebox@=\box32
\splineval@=\dimen140
\splinedepth@=\dimen141
\splinetol@=\dimen142
\splinelength@=\dimen143
 circles,
\L@=\dimen144
 loaded)
(/usr/share/texlive/texmf-dist/tex/generic/xypic/xyframe.tex
 Xy-pic option: Frame and Bracket extension v.3.14 loaded)
(/usr/share/texlive/texmf-dist/tex/generic/xypic/xycmtip.tex
 Xy-pic option: Computer Modern tip extension v.3.7
(/usr/share/texlive/texmf-dist/tex/generic/xypic/xytips.tex
 Xy-pic option: More Tips extension v.3.11 loaded) loaded)
(/usr/share/texlive/texmf-dist/tex/generic/xypic/xyline.tex
 Xy-pic option: Line styles extension v.3.10
\xylinethick@=\dimen145
 loaded)
(/usr/share/texlive/texmf-dist/tex/generic/xypic/xyrotate.tex
 Xy-pic option: Rotate and Scale extension v.3.8 loaded)
(/usr/share/texlive/texmf-dist/tex/generic/xypic/xycolor.tex
 Xy-pic option: Colour extension v.3.11 loaded)
(/usr/share/texlive/texmf-dist/tex/generic/xypic/xymatrix.tex
 Xy-pic option: Matrix feature v.3.14
\Row=\count117
\Col=\count118
\queue@=\toks30
\queue@@=\toks31
\qcount@=\count119
\qcount@@=\count120
\matrixsize@=\count121
 loaded)
(/usr/share/texlive/texmf-dist/tex/generic/xypic/xyarrow.tex
 Xy-pic option: Arrow and Path feature v.3.9 path, \ar, loaded)
(/usr/share/texlive/texmf-dist/tex/generic/xypic/xygraph.tex
 Xy-pic option: Graph feature v.3.11 loaded) loaded)
(/usr/share/texlive/texmf-dist/tex/generic/xypic/xypdf.tex
 Xy-pic option: PDF driver v.1.7 Xy-pic pdf driver: `color' extension support
(/usr/share/texlive/texmf-dist/tex/generic/xypic/xypdf-co.tex loaded)
Xy-pic pdf driver: `curve' extension support
(/usr/share/texlive/texmf-dist/tex/generic/xypic/xypdf-cu.tex loaded)
Xy-pic pdf driver: `frame' extension support
(/usr/share/texlive/texmf-dist/tex/generic/xypic/xypdf-fr.tex loaded)
Xy-pic pdf driver: `line' extension support
(/usr/share/texlive/texmf-dist/tex/generic/xypic/xypdf-li.tex loaded)
Xy-pic pdf driver: `rotate' extension support
(/usr/share/texlive/texmf-dist/tex/generic/xypic/xypdf-ro.tex loaded) loaded))
\c@lm=\count122
\c@cor=\count123

(./notes.aux (./sets.aux) (./real.aux) (./topology.aux) (./constructions.aux)
(./functions.aux) (./separation.aux) (./countability.aux) (./connected.aux)
(./metric.aux) (./norm.aux) (./inner-product.aux) (./groups.aux))
\openout1 = `notes.aux'.

LaTeX Font Info:    Checking defaults for OML/cmm/m/it on input line 30.
LaTeX Font Info:    ... okay on input line 30.
LaTeX Font Info:    Checking defaults for T1/cmr/m/n on input line 30.
LaTeX Font Info:    ... okay on input line 30.
LaTeX Font Info:    Checking defaults for OT1/cmr/m/n on input line 30.
LaTeX Font Info:    ... okay on input line 30.
LaTeX Font Info:    Checking defaults for OMS/cmsy/m/n on input line 30.
LaTeX Font Info:    ... okay on input line 30.
LaTeX Font Info:    Checking defaults for OMX/cmex/m/n on input line 30.
LaTeX Font Info:    ... okay on input line 30.
LaTeX Font Info:    Checking defaults for U/cmr/m/n on input line 30.
LaTeX Font Info:    ... okay on input line 30.
LaTeX Font Info:    Try loading font information for U+msa on input line 30.

(/usr/share/texlive/texmf-dist/tex/latex/amsfonts/umsa.fd
File: umsa.fd 2013/01/14 v3.01 AMS symbols A
)
LaTeX Font Info:    Try loading font information for U+msb on input line 30.

(/usr/share/texlive/texmf-dist/tex/latex/amsfonts/umsb.fd
File: umsb.fd 2013/01/14 v3.01 AMS symbols B
)
Package xypdf Info: Line width: 0.39998pt on input line 30.
 [1

{/var/lib/texmf/fonts/map/pdftex/updmap/pdftex.map}] (./notes.toc [1

])
\tf@toc=\write4
\openout4 = `notes.toc'.

 [2]
\openout2 = `sets.aux'.

 (./sets.tex
Chapter 1.
[3


] [4]
Chapter 2.
) [5

]
\openout2 = `real.aux'.

 (./real.tex
Chapter 3.

Overfull \hbox (8.34761pt too wide) in paragraph at lines 29--30
\OT1/cmr/bx/n/10 Proposition 3.0.4 \OT1/cmr/m/n/10 (Com-par-i-son Test)\OT1/cmr
/bx/n/10 . \OT1/cmr/m/it/10 Sup-pose $\OMS/cmsy/m/n/10 j\OML/cmm/m/it/10 a[]\OM
S/cmsy/m/n/10 j ^^T \OML/cmm/m/it/10 b[]$ \OT1/cmr/m/it/10 for all $\OML/cmm/m/
it/10 n$\OT1/cmr/m/it/10 . If $[][] \OML/cmm/m/it/10 b[] <
 []

[6



]) [7]
\openout2 = `topology.aux'.

 (./topology.tex
Chapter 4.
LaTeX Font Info:    Try loading font information for OMS+cmr on input line 9.
(/usr/share/texlive/texmf-dist/tex/latex/base/omscmr.fd
File: omscmr.fd 2014/09/29 v2.5h Standard LaTeX font definitions
)
LaTeX Font Info:    Font shape `OMS/cmr/m/n' in size <10> not available
(Font)              Font shape `OMS/cmsy/m/n' tried instead on input line 9.
 [8



] [9] [10] [11]
[12] [13] [14] [15] [16] [17] [18] [19] [20] [21] [22] [23]) [24]
\openout2 = `constructions.aux'.


(./constructions.tex
Chapter 5.
LaTeX Font Info:    Font shape `OMS/cmr/m/it' in size <10> not available
(Font)              Font shape `OMS/cmsy/m/n' tried instead on input line 14.
[25



] [26] [27] [28] [29] [30] [31]
Overfull \hbox (5.88171pt too wide) in paragraph at lines 556--556
[]\OT1/cmr/m/n/10 the prod-uct topol-ogy on $[][] \OML/cmm/m/it/10 A[]$ \OT1/cm
r/m/n/10 is the same as the topol-ogy that $[][] \OML/cmm/m/it/10 A[]$
 []


Overfull \hbox (189.91118pt too wide) in paragraph at lines 563--563
[] 
 []

[32] [33] [34] [35]) [36]
\openout2 = `functions.aux'.

 (./functions.tex
Chapter 6.

Overfull \hbox (23.80557pt too wide) in paragraph at lines 21--21
[] 
 []

[37



] [38] [39] [40] [41] [42] [43] [44] [45] [46]) [47]
\openout2 = `separation.aux'.

 (./separation.tex
Chapter 7.
[48



] [49] [50]
Overfull \hbox (8.14433pt too wide) in paragraph at lines 196--197
\OT1/cmr/bx/n/10 Corollary 7.2.6.1. \OT1/cmr/m/it/10 Let $\OMS/cmsy/m/n/10 f\OM
L/cmm/m/it/10 X[]\OMS/cmsy/m/n/10 g[]$ \OT1/cmr/m/it/10 be a fam-ily of Haus-do
rff spaces. Then $[][] \OML/cmm/m/it/10 X[]$
 []

) [51]
\openout2 = `countability.aux'.

 (./countability.tex
Chapter 8.

Overfull \hbox (0.37212pt too wide) in paragraph at lines 6--7
\OT1/cmr/bx/n/10 Definition 8.1.1 \OT1/cmr/m/n/10 (First Count-able)\OT1/cmr/bx
/n/10 . \OT1/cmr/m/n/10 A topo-log-i-cal space sat-is-fies the \OT1/cmr/m/it/10
 first count-
 []

[52



]) [53]
\openout2 = `connected.aux'.

 (./connected.tex
Chapter 9.
[54



] [55] [56] [57] [58]
Overfull \hbox (15.72296pt too wide) in paragraph at lines 373--374
\OT1/cmr/m/n/10 map $\OML/cmm/m/it/10 g \OT1/cmr/m/n/10 : \U/msb/m/n/10 R[] \OM
S/cmsy/m/n/10 n f\OT1/cmr/m/n/10 0\OMS/cmsy/m/n/10 g \U/msa/m/n/10 ^^P \OML/cmm
/m/it/10 S[]$ \OT1/cmr/m/n/10 given by $\OML/cmm/m/it/10 g\OT1/cmr/m/n/10 (\OML
/cmm/m/it/10 x[]; [] ; x[]\OT1/cmr/m/n/10 ) = (\OML/cmm/m/it/10 x[]; [] ; x[]\O
T1/cmr/m/n/10 )\OML/cmm/m/it/10 =[]$
 []

[59]) [60]
\openout2 = `metric.aux'.

 (./metric.tex
Chapter 10.
[61



] [62] [63] [64]
Overfull \hbox (4.09851pt too wide) in paragraph at lines 266--266
[]\OT1/cmr/m/sc/10 Pick $\OML/cmm/m/it/10 ^^N > \OT1/cmr/m/n/10 0$ such that, f
or all $\OML/cmm/m/it/10 y \OMS/cmsy/m/n/10 2 \OML/cmm/m/it/10 X$\OT1/cmr/m/n/1
0 , if $\OML/cmm/m/it/10 d[]\OT1/cmr/m/n/10 (\OML/cmm/m/it/10 x; y\OT1/cmr/m/n/
10 ) \OML/cmm/m/it/10 < ^^N$ \OT1/cmr/m/n/10 then $\OML/cmm/m/it/10 d[]\OT1/cmr
/m/n/10 (\OML/cmm/m/it/10 f\OT1/cmr/m/n/10 (\OML/cmm/m/it/10 x\OT1/cmr/m/n/10 )
\OML/cmm/m/it/10 ; f\OT1/cmr/m/n/10 (\OML/cmm/m/it/10 y\OT1/cmr/m/n/10 )) \OML/
cmm/m/it/10 <
 []

[65] [66]
Overfull \hbox (12.81581pt too wide) in paragraph at lines 408--408
[]\OT1/cmr/m/n/10 There ex-ists $\OML/cmm/m/it/10 ^^N > \OT1/cmr/m/n/10 0$, suc
h that, for all $(\OML/cmm/m/it/10 x; y\OT1/cmr/m/n/10 ) \OMS/cmsy/m/n/10 2 \U/
msb/m/n/10 R[]$\OT1/cmr/m/n/10 , if $\OML/cmm/m/it/10 ^^Z\OT1/cmr/m/n/10 ((\OML
/cmm/m/it/10 a; b\OT1/cmr/m/n/10 )\OML/cmm/m/it/10 ; \OT1/cmr/m/n/10 (\OML/cmm/
m/it/10 x; y\OT1/cmr/m/n/10 )) \OML/cmm/m/it/10 <
 []


Overfull \hbox (12.81581pt too wide) in paragraph at lines 429--429
[]\OT1/cmr/m/n/10 There ex-ists $\OML/cmm/m/it/10 ^^N > \OT1/cmr/m/n/10 0$, suc
h that, for all $(\OML/cmm/m/it/10 x; y\OT1/cmr/m/n/10 ) \OMS/cmsy/m/n/10 2 \U/
msb/m/n/10 R[]$\OT1/cmr/m/n/10 , if $\OML/cmm/m/it/10 ^^Z\OT1/cmr/m/n/10 ((\OML
/cmm/m/it/10 a; b\OT1/cmr/m/n/10 )\OML/cmm/m/it/10 ; \OT1/cmr/m/n/10 (\OML/cmm/
m/it/10 x; y\OT1/cmr/m/n/10 )) \OML/cmm/m/it/10 <
 []

[67] [68] [69] [70]) [71]
\openout2 = `norm.aux'.

 (./norm.tex
Chapter 11.
[72



]) [73]
\openout2 = `inner-product.aux'.

 (./inner-product.tex
Chapter 12.
[74



] [75] [76]
Overfull \hbox (1.21397pt too wide) in paragraph at lines 198--198
[]\OT1/cmr/m/sc/10 Pick \OT1/cmr/m/n/10 a se-quence of pos-i-tive real num-bers
 $\OML/cmm/m/it/10 a[]$\OT1/cmr/m/n/10 , $\OML/cmm/m/it/10 a[]$\OT1/cmr/m/n/10 
, ...such that $[][] \OML/cmm/m/it/10 a[] <
 []

) [77]
\openout2 = `groups.aux'.

 (./groups.tex
Chapter 13.
[78



] [79] [80] [81]) [82] (./notes.aux (./sets.aux) (./real.aux)
(./topology.aux) (./constructions.aux) (./functions.aux) (./separation.aux)
(./countability.aux) (./connected.aux) (./metric.aux) (./norm.aux)
(./inner-product.aux) (./groups.aux))

LaTeX Warning: Label(s) may have changed. Rerun to get cross-references right.

 ) 
Here is how much of TeX's memory you used:
 4396 strings out of 493029
 52841 string characters out of 6136233
 166543 words of memory out of 5000000
 7793 multiletter control sequences out of 15000+600000
 16756 words of font info for 67 fonts, out of 8000000 for 9000
 1141 hyphenation exceptions out of 8191
 27i,14n,26p,3212b,544s stack positions out of 5000i,500n,10000p,200000b,80000s
</usr/share/texmf/fonts/type1/public/amsfonts/cm/cmbx10.pfb></usr/share/texmf
/fonts/type1/public/amsfonts/cm/cmbx12.pfb></usr/share/texmf/fonts/type1/public
/amsfonts/cm/cmcsc10.pfb></usr/share/texmf/fonts/type1/public/amsfonts/cm/cmex1
0.pfb></usr/share/texmf/fonts/type1/public/amsfonts/cm/cmmi10.pfb></usr/share/t
exmf/fonts/type1/public/amsfonts/cm/cmmi12.pfb></usr/share/texmf/fonts/type1/pu
blic/amsfonts/cm/cmmi5.pfb></usr/share/texmf/fonts/type1/public/amsfonts/cm/cmm
i7.pfb></usr/share/texmf/fonts/type1/public/amsfonts/cm/cmr10.pfb></usr/share/t
exmf/fonts/type1/public/amsfonts/cm/cmr12.pfb></usr/share/texmf/fonts/type1/pub
lic/amsfonts/cm/cmr17.pfb></usr/share/texmf/fonts/type1/public/amsfonts/cm/cmr5
.pfb></usr/share/texmf/fonts/type1/public/amsfonts/cm/cmr7.pfb></usr/share/texm
f/fonts/type1/public/amsfonts/cm/cmsy10.pfb></usr/share/texmf/fonts/type1/publi
c/amsfonts/cm/cmsy5.pfb></usr/share/texmf/fonts/type1/public/amsfonts/cm/cmsy7.
pfb></usr/share/texmf/fonts/type1/public/amsfonts/cm/cmti10.pfb></usr/share/tex
mf/fonts/type1/public/amsfonts/symbols/msam10.pfb></usr/share/texmf/fonts/type1
/public/amsfonts/symbols/msbm10.pfb></usr/share/texmf/fonts/type1/public/amsfon
ts/symbols/msbm7.pfb>
Output written on notes.pdf (83 pages, 417193 bytes).
PDF statistics:
 353 PDF objects out of 1000 (max. 8388607)
 245 compressed objects within 3 object streams
 0 named destinations out of 1000 (max. 500000)
 1 words of extra memory for PDF output out of 10000 (max. 10000000)

